G04 EAGLE Gerber RS-274X export*
G75*
%MOMM*%
%FSLAX34Y34*%
%LPD*%
%INOutline*%
%IPPOS*%
%AMOC8*
5,1,8,0,0,1.08239X$1,22.5*%
G01*
%ADD10C,0.000000*%


D10*
X650000Y30000D02*
X650000Y390000D01*
X649991Y390725D01*
X649965Y391449D01*
X649921Y392173D01*
X649860Y392895D01*
X649781Y393616D01*
X649685Y394335D01*
X649572Y395051D01*
X649441Y395764D01*
X649293Y396474D01*
X649128Y397179D01*
X648946Y397881D01*
X648747Y398578D01*
X648532Y399271D01*
X648299Y399957D01*
X648050Y400638D01*
X647785Y401313D01*
X647504Y401981D01*
X647206Y402642D01*
X646893Y403296D01*
X646564Y403942D01*
X646219Y404580D01*
X645859Y405209D01*
X645484Y405829D01*
X645094Y406440D01*
X644690Y407042D01*
X644271Y407634D01*
X643837Y408215D01*
X643390Y408786D01*
X642929Y409345D01*
X642455Y409894D01*
X641968Y410430D01*
X641468Y410955D01*
X640955Y411468D01*
X640430Y411968D01*
X639894Y412455D01*
X639345Y412929D01*
X638786Y413390D01*
X638215Y413837D01*
X637634Y414271D01*
X637042Y414690D01*
X636440Y415094D01*
X635829Y415484D01*
X635209Y415859D01*
X634580Y416219D01*
X633942Y416564D01*
X633296Y416893D01*
X632642Y417206D01*
X631981Y417504D01*
X631313Y417785D01*
X630638Y418050D01*
X629957Y418299D01*
X629271Y418532D01*
X628578Y418747D01*
X627881Y418946D01*
X627179Y419128D01*
X626474Y419293D01*
X625764Y419441D01*
X625051Y419572D01*
X624335Y419685D01*
X623616Y419781D01*
X622895Y419860D01*
X622173Y419921D01*
X621449Y419965D01*
X620725Y419991D01*
X620000Y420000D01*
X30000Y420000D01*
X29275Y419991D01*
X28551Y419965D01*
X27827Y419921D01*
X27105Y419860D01*
X26384Y419781D01*
X25665Y419685D01*
X24949Y419572D01*
X24236Y419441D01*
X23526Y419293D01*
X22821Y419128D01*
X22119Y418946D01*
X21422Y418747D01*
X20729Y418532D01*
X20043Y418299D01*
X19362Y418050D01*
X18687Y417785D01*
X18019Y417504D01*
X17358Y417206D01*
X16704Y416893D01*
X16058Y416564D01*
X15420Y416219D01*
X14791Y415859D01*
X14171Y415484D01*
X13560Y415094D01*
X12958Y414690D01*
X12366Y414271D01*
X11785Y413837D01*
X11214Y413390D01*
X10655Y412929D01*
X10106Y412455D01*
X9570Y411968D01*
X9045Y411468D01*
X8532Y410955D01*
X8032Y410430D01*
X7545Y409894D01*
X7071Y409345D01*
X6610Y408786D01*
X6163Y408215D01*
X5729Y407634D01*
X5310Y407042D01*
X4906Y406440D01*
X4516Y405829D01*
X4141Y405209D01*
X3781Y404580D01*
X3436Y403942D01*
X3107Y403296D01*
X2794Y402642D01*
X2496Y401981D01*
X2215Y401313D01*
X1950Y400638D01*
X1701Y399957D01*
X1468Y399271D01*
X1253Y398578D01*
X1054Y397881D01*
X872Y397179D01*
X707Y396474D01*
X559Y395764D01*
X428Y395051D01*
X315Y394335D01*
X219Y393616D01*
X140Y392895D01*
X79Y392173D01*
X35Y391449D01*
X9Y390725D01*
X0Y390000D01*
X0Y30000D01*
X9Y29275D01*
X35Y28551D01*
X79Y27827D01*
X140Y27105D01*
X219Y26384D01*
X315Y25665D01*
X428Y24949D01*
X559Y24236D01*
X707Y23526D01*
X872Y22821D01*
X1054Y22119D01*
X1253Y21422D01*
X1468Y20729D01*
X1701Y20043D01*
X1950Y19362D01*
X2215Y18687D01*
X2496Y18019D01*
X2794Y17358D01*
X3107Y16704D01*
X3436Y16058D01*
X3781Y15420D01*
X4141Y14791D01*
X4516Y14171D01*
X4906Y13560D01*
X5310Y12958D01*
X5729Y12366D01*
X6163Y11785D01*
X6610Y11214D01*
X7071Y10655D01*
X7545Y10106D01*
X8032Y9570D01*
X8532Y9045D01*
X9045Y8532D01*
X9570Y8032D01*
X10106Y7545D01*
X10655Y7071D01*
X11214Y6610D01*
X11785Y6163D01*
X12366Y5729D01*
X12958Y5310D01*
X13560Y4906D01*
X14171Y4516D01*
X14791Y4141D01*
X15420Y3781D01*
X16058Y3436D01*
X16704Y3107D01*
X17358Y2794D01*
X18019Y2496D01*
X18687Y2215D01*
X19362Y1950D01*
X20043Y1701D01*
X20729Y1468D01*
X21422Y1253D01*
X22119Y1054D01*
X22821Y872D01*
X23526Y707D01*
X24236Y559D01*
X24949Y428D01*
X25665Y315D01*
X26384Y219D01*
X27105Y140D01*
X27827Y79D01*
X28551Y35D01*
X29275Y9D01*
X30000Y0D01*
X620000Y0D01*
X620725Y9D01*
X621449Y35D01*
X622173Y79D01*
X622895Y140D01*
X623616Y219D01*
X624335Y315D01*
X625051Y428D01*
X625764Y559D01*
X626474Y707D01*
X627179Y872D01*
X627881Y1054D01*
X628578Y1253D01*
X629271Y1468D01*
X629957Y1701D01*
X630638Y1950D01*
X631313Y2215D01*
X631981Y2496D01*
X632642Y2794D01*
X633296Y3107D01*
X633942Y3436D01*
X634580Y3781D01*
X635209Y4141D01*
X635829Y4516D01*
X636440Y4906D01*
X637042Y5310D01*
X637634Y5729D01*
X638215Y6163D01*
X638786Y6610D01*
X639345Y7071D01*
X639894Y7545D01*
X640430Y8032D01*
X640955Y8532D01*
X641468Y9045D01*
X641968Y9570D01*
X642455Y10106D01*
X642929Y10655D01*
X643390Y11214D01*
X643837Y11785D01*
X644271Y12366D01*
X644690Y12958D01*
X645094Y13560D01*
X645484Y14171D01*
X645859Y14791D01*
X646219Y15420D01*
X646564Y16058D01*
X646893Y16704D01*
X647206Y17358D01*
X647504Y18019D01*
X647785Y18687D01*
X648050Y19362D01*
X648299Y20043D01*
X648532Y20729D01*
X648747Y21422D01*
X648946Y22119D01*
X649128Y22821D01*
X649293Y23526D01*
X649441Y24236D01*
X649572Y24949D01*
X649685Y25665D01*
X649781Y26384D01*
X649860Y27105D01*
X649921Y27827D01*
X649965Y28551D01*
X649991Y29275D01*
X650000Y30000D01*
X21500Y385000D02*
X21504Y385331D01*
X21516Y385662D01*
X21537Y385993D01*
X21565Y386323D01*
X21602Y386653D01*
X21646Y386981D01*
X21699Y387308D01*
X21759Y387634D01*
X21828Y387958D01*
X21905Y388280D01*
X21989Y388601D01*
X22081Y388919D01*
X22181Y389235D01*
X22289Y389548D01*
X22405Y389859D01*
X22528Y390166D01*
X22658Y390471D01*
X22796Y390772D01*
X22941Y391070D01*
X23094Y391364D01*
X23254Y391654D01*
X23421Y391940D01*
X23594Y392222D01*
X23775Y392500D01*
X23963Y392773D01*
X24157Y393042D01*
X24357Y393306D01*
X24564Y393564D01*
X24778Y393818D01*
X24997Y394066D01*
X25223Y394309D01*
X25454Y394546D01*
X25691Y394777D01*
X25934Y395003D01*
X26182Y395222D01*
X26436Y395436D01*
X26694Y395643D01*
X26958Y395843D01*
X27227Y396037D01*
X27500Y396225D01*
X27778Y396406D01*
X28060Y396579D01*
X28346Y396746D01*
X28636Y396906D01*
X28930Y397059D01*
X29228Y397204D01*
X29529Y397342D01*
X29834Y397472D01*
X30141Y397595D01*
X30452Y397711D01*
X30765Y397819D01*
X31081Y397919D01*
X31399Y398011D01*
X31720Y398095D01*
X32042Y398172D01*
X32366Y398241D01*
X32692Y398301D01*
X33019Y398354D01*
X33347Y398398D01*
X33677Y398435D01*
X34007Y398463D01*
X34338Y398484D01*
X34669Y398496D01*
X35000Y398500D01*
X35331Y398496D01*
X35662Y398484D01*
X35993Y398463D01*
X36323Y398435D01*
X36653Y398398D01*
X36981Y398354D01*
X37308Y398301D01*
X37634Y398241D01*
X37958Y398172D01*
X38280Y398095D01*
X38601Y398011D01*
X38919Y397919D01*
X39235Y397819D01*
X39548Y397711D01*
X39859Y397595D01*
X40166Y397472D01*
X40471Y397342D01*
X40772Y397204D01*
X41070Y397059D01*
X41364Y396906D01*
X41654Y396746D01*
X41940Y396579D01*
X42222Y396406D01*
X42500Y396225D01*
X42773Y396037D01*
X43042Y395843D01*
X43306Y395643D01*
X43564Y395436D01*
X43818Y395222D01*
X44066Y395003D01*
X44309Y394777D01*
X44546Y394546D01*
X44777Y394309D01*
X45003Y394066D01*
X45222Y393818D01*
X45436Y393564D01*
X45643Y393306D01*
X45843Y393042D01*
X46037Y392773D01*
X46225Y392500D01*
X46406Y392222D01*
X46579Y391940D01*
X46746Y391654D01*
X46906Y391364D01*
X47059Y391070D01*
X47204Y390772D01*
X47342Y390471D01*
X47472Y390166D01*
X47595Y389859D01*
X47711Y389548D01*
X47819Y389235D01*
X47919Y388919D01*
X48011Y388601D01*
X48095Y388280D01*
X48172Y387958D01*
X48241Y387634D01*
X48301Y387308D01*
X48354Y386981D01*
X48398Y386653D01*
X48435Y386323D01*
X48463Y385993D01*
X48484Y385662D01*
X48496Y385331D01*
X48500Y385000D01*
X48496Y384669D01*
X48484Y384338D01*
X48463Y384007D01*
X48435Y383677D01*
X48398Y383347D01*
X48354Y383019D01*
X48301Y382692D01*
X48241Y382366D01*
X48172Y382042D01*
X48095Y381720D01*
X48011Y381399D01*
X47919Y381081D01*
X47819Y380765D01*
X47711Y380452D01*
X47595Y380141D01*
X47472Y379834D01*
X47342Y379529D01*
X47204Y379228D01*
X47059Y378930D01*
X46906Y378636D01*
X46746Y378346D01*
X46579Y378060D01*
X46406Y377778D01*
X46225Y377500D01*
X46037Y377227D01*
X45843Y376958D01*
X45643Y376694D01*
X45436Y376436D01*
X45222Y376182D01*
X45003Y375934D01*
X44777Y375691D01*
X44546Y375454D01*
X44309Y375223D01*
X44066Y374997D01*
X43818Y374778D01*
X43564Y374564D01*
X43306Y374357D01*
X43042Y374157D01*
X42773Y373963D01*
X42500Y373775D01*
X42222Y373594D01*
X41940Y373421D01*
X41654Y373254D01*
X41364Y373094D01*
X41070Y372941D01*
X40772Y372796D01*
X40471Y372658D01*
X40166Y372528D01*
X39859Y372405D01*
X39548Y372289D01*
X39235Y372181D01*
X38919Y372081D01*
X38601Y371989D01*
X38280Y371905D01*
X37958Y371828D01*
X37634Y371759D01*
X37308Y371699D01*
X36981Y371646D01*
X36653Y371602D01*
X36323Y371565D01*
X35993Y371537D01*
X35662Y371516D01*
X35331Y371504D01*
X35000Y371500D01*
X34669Y371504D01*
X34338Y371516D01*
X34007Y371537D01*
X33677Y371565D01*
X33347Y371602D01*
X33019Y371646D01*
X32692Y371699D01*
X32366Y371759D01*
X32042Y371828D01*
X31720Y371905D01*
X31399Y371989D01*
X31081Y372081D01*
X30765Y372181D01*
X30452Y372289D01*
X30141Y372405D01*
X29834Y372528D01*
X29529Y372658D01*
X29228Y372796D01*
X28930Y372941D01*
X28636Y373094D01*
X28346Y373254D01*
X28060Y373421D01*
X27778Y373594D01*
X27500Y373775D01*
X27227Y373963D01*
X26958Y374157D01*
X26694Y374357D01*
X26436Y374564D01*
X26182Y374778D01*
X25934Y374997D01*
X25691Y375223D01*
X25454Y375454D01*
X25223Y375691D01*
X24997Y375934D01*
X24778Y376182D01*
X24564Y376436D01*
X24357Y376694D01*
X24157Y376958D01*
X23963Y377227D01*
X23775Y377500D01*
X23594Y377778D01*
X23421Y378060D01*
X23254Y378346D01*
X23094Y378636D01*
X22941Y378930D01*
X22796Y379228D01*
X22658Y379529D01*
X22528Y379834D01*
X22405Y380141D01*
X22289Y380452D01*
X22181Y380765D01*
X22081Y381081D01*
X21989Y381399D01*
X21905Y381720D01*
X21828Y382042D01*
X21759Y382366D01*
X21699Y382692D01*
X21646Y383019D01*
X21602Y383347D01*
X21565Y383677D01*
X21537Y384007D01*
X21516Y384338D01*
X21504Y384669D01*
X21500Y385000D01*
X601500Y385000D02*
X601504Y385331D01*
X601516Y385662D01*
X601537Y385993D01*
X601565Y386323D01*
X601602Y386653D01*
X601646Y386981D01*
X601699Y387308D01*
X601759Y387634D01*
X601828Y387958D01*
X601905Y388280D01*
X601989Y388601D01*
X602081Y388919D01*
X602181Y389235D01*
X602289Y389548D01*
X602405Y389859D01*
X602528Y390166D01*
X602658Y390471D01*
X602796Y390772D01*
X602941Y391070D01*
X603094Y391364D01*
X603254Y391654D01*
X603421Y391940D01*
X603594Y392222D01*
X603775Y392500D01*
X603963Y392773D01*
X604157Y393042D01*
X604357Y393306D01*
X604564Y393564D01*
X604778Y393818D01*
X604997Y394066D01*
X605223Y394309D01*
X605454Y394546D01*
X605691Y394777D01*
X605934Y395003D01*
X606182Y395222D01*
X606436Y395436D01*
X606694Y395643D01*
X606958Y395843D01*
X607227Y396037D01*
X607500Y396225D01*
X607778Y396406D01*
X608060Y396579D01*
X608346Y396746D01*
X608636Y396906D01*
X608930Y397059D01*
X609228Y397204D01*
X609529Y397342D01*
X609834Y397472D01*
X610141Y397595D01*
X610452Y397711D01*
X610765Y397819D01*
X611081Y397919D01*
X611399Y398011D01*
X611720Y398095D01*
X612042Y398172D01*
X612366Y398241D01*
X612692Y398301D01*
X613019Y398354D01*
X613347Y398398D01*
X613677Y398435D01*
X614007Y398463D01*
X614338Y398484D01*
X614669Y398496D01*
X615000Y398500D01*
X615331Y398496D01*
X615662Y398484D01*
X615993Y398463D01*
X616323Y398435D01*
X616653Y398398D01*
X616981Y398354D01*
X617308Y398301D01*
X617634Y398241D01*
X617958Y398172D01*
X618280Y398095D01*
X618601Y398011D01*
X618919Y397919D01*
X619235Y397819D01*
X619548Y397711D01*
X619859Y397595D01*
X620166Y397472D01*
X620471Y397342D01*
X620772Y397204D01*
X621070Y397059D01*
X621364Y396906D01*
X621654Y396746D01*
X621940Y396579D01*
X622222Y396406D01*
X622500Y396225D01*
X622773Y396037D01*
X623042Y395843D01*
X623306Y395643D01*
X623564Y395436D01*
X623818Y395222D01*
X624066Y395003D01*
X624309Y394777D01*
X624546Y394546D01*
X624777Y394309D01*
X625003Y394066D01*
X625222Y393818D01*
X625436Y393564D01*
X625643Y393306D01*
X625843Y393042D01*
X626037Y392773D01*
X626225Y392500D01*
X626406Y392222D01*
X626579Y391940D01*
X626746Y391654D01*
X626906Y391364D01*
X627059Y391070D01*
X627204Y390772D01*
X627342Y390471D01*
X627472Y390166D01*
X627595Y389859D01*
X627711Y389548D01*
X627819Y389235D01*
X627919Y388919D01*
X628011Y388601D01*
X628095Y388280D01*
X628172Y387958D01*
X628241Y387634D01*
X628301Y387308D01*
X628354Y386981D01*
X628398Y386653D01*
X628435Y386323D01*
X628463Y385993D01*
X628484Y385662D01*
X628496Y385331D01*
X628500Y385000D01*
X628496Y384669D01*
X628484Y384338D01*
X628463Y384007D01*
X628435Y383677D01*
X628398Y383347D01*
X628354Y383019D01*
X628301Y382692D01*
X628241Y382366D01*
X628172Y382042D01*
X628095Y381720D01*
X628011Y381399D01*
X627919Y381081D01*
X627819Y380765D01*
X627711Y380452D01*
X627595Y380141D01*
X627472Y379834D01*
X627342Y379529D01*
X627204Y379228D01*
X627059Y378930D01*
X626906Y378636D01*
X626746Y378346D01*
X626579Y378060D01*
X626406Y377778D01*
X626225Y377500D01*
X626037Y377227D01*
X625843Y376958D01*
X625643Y376694D01*
X625436Y376436D01*
X625222Y376182D01*
X625003Y375934D01*
X624777Y375691D01*
X624546Y375454D01*
X624309Y375223D01*
X624066Y374997D01*
X623818Y374778D01*
X623564Y374564D01*
X623306Y374357D01*
X623042Y374157D01*
X622773Y373963D01*
X622500Y373775D01*
X622222Y373594D01*
X621940Y373421D01*
X621654Y373254D01*
X621364Y373094D01*
X621070Y372941D01*
X620772Y372796D01*
X620471Y372658D01*
X620166Y372528D01*
X619859Y372405D01*
X619548Y372289D01*
X619235Y372181D01*
X618919Y372081D01*
X618601Y371989D01*
X618280Y371905D01*
X617958Y371828D01*
X617634Y371759D01*
X617308Y371699D01*
X616981Y371646D01*
X616653Y371602D01*
X616323Y371565D01*
X615993Y371537D01*
X615662Y371516D01*
X615331Y371504D01*
X615000Y371500D01*
X614669Y371504D01*
X614338Y371516D01*
X614007Y371537D01*
X613677Y371565D01*
X613347Y371602D01*
X613019Y371646D01*
X612692Y371699D01*
X612366Y371759D01*
X612042Y371828D01*
X611720Y371905D01*
X611399Y371989D01*
X611081Y372081D01*
X610765Y372181D01*
X610452Y372289D01*
X610141Y372405D01*
X609834Y372528D01*
X609529Y372658D01*
X609228Y372796D01*
X608930Y372941D01*
X608636Y373094D01*
X608346Y373254D01*
X608060Y373421D01*
X607778Y373594D01*
X607500Y373775D01*
X607227Y373963D01*
X606958Y374157D01*
X606694Y374357D01*
X606436Y374564D01*
X606182Y374778D01*
X605934Y374997D01*
X605691Y375223D01*
X605454Y375454D01*
X605223Y375691D01*
X604997Y375934D01*
X604778Y376182D01*
X604564Y376436D01*
X604357Y376694D01*
X604157Y376958D01*
X603963Y377227D01*
X603775Y377500D01*
X603594Y377778D01*
X603421Y378060D01*
X603254Y378346D01*
X603094Y378636D01*
X602941Y378930D01*
X602796Y379228D01*
X602658Y379529D01*
X602528Y379834D01*
X602405Y380141D01*
X602289Y380452D01*
X602181Y380765D01*
X602081Y381081D01*
X601989Y381399D01*
X601905Y381720D01*
X601828Y382042D01*
X601759Y382366D01*
X601699Y382692D01*
X601646Y383019D01*
X601602Y383347D01*
X601565Y383677D01*
X601537Y384007D01*
X601516Y384338D01*
X601504Y384669D01*
X601500Y385000D01*
X67500Y264100D02*
X67502Y264248D01*
X67508Y264396D01*
X67518Y264544D01*
X67532Y264692D01*
X67550Y264839D01*
X67572Y264986D01*
X67598Y265132D01*
X67627Y265277D01*
X67661Y265422D01*
X67699Y265565D01*
X67740Y265708D01*
X67785Y265849D01*
X67835Y265989D01*
X67887Y266127D01*
X67944Y266265D01*
X68004Y266400D01*
X68068Y266534D01*
X68135Y266666D01*
X68206Y266796D01*
X68281Y266925D01*
X68359Y267051D01*
X68440Y267175D01*
X68524Y267297D01*
X68612Y267416D01*
X68703Y267533D01*
X68797Y267648D01*
X68895Y267760D01*
X68995Y267869D01*
X69098Y267976D01*
X69204Y268080D01*
X69312Y268181D01*
X69424Y268279D01*
X69538Y268374D01*
X69654Y268465D01*
X69773Y268554D01*
X69894Y268639D01*
X70018Y268721D01*
X70144Y268800D01*
X70271Y268875D01*
X70401Y268947D01*
X70533Y269016D01*
X70666Y269080D01*
X70801Y269141D01*
X70938Y269199D01*
X71076Y269253D01*
X71216Y269303D01*
X71357Y269349D01*
X71499Y269391D01*
X71642Y269430D01*
X71786Y269464D01*
X71932Y269495D01*
X72077Y269522D01*
X72224Y269545D01*
X72371Y269564D01*
X72519Y269579D01*
X72666Y269590D01*
X72815Y269597D01*
X72963Y269600D01*
X73111Y269599D01*
X73259Y269594D01*
X73407Y269585D01*
X73555Y269572D01*
X73703Y269555D01*
X73849Y269534D01*
X73996Y269509D01*
X74141Y269480D01*
X74286Y269448D01*
X74429Y269411D01*
X74572Y269371D01*
X74714Y269326D01*
X74854Y269278D01*
X74993Y269226D01*
X75130Y269171D01*
X75266Y269111D01*
X75401Y269048D01*
X75533Y268982D01*
X75664Y268912D01*
X75793Y268838D01*
X75919Y268761D01*
X76044Y268681D01*
X76166Y268597D01*
X76287Y268510D01*
X76404Y268420D01*
X76520Y268326D01*
X76632Y268230D01*
X76742Y268131D01*
X76850Y268028D01*
X76954Y267923D01*
X77056Y267815D01*
X77154Y267704D01*
X77250Y267591D01*
X77343Y267475D01*
X77432Y267357D01*
X77518Y267236D01*
X77601Y267113D01*
X77681Y266988D01*
X77757Y266861D01*
X77830Y266731D01*
X77899Y266600D01*
X77964Y266467D01*
X78027Y266333D01*
X78085Y266196D01*
X78140Y266058D01*
X78190Y265919D01*
X78238Y265778D01*
X78281Y265637D01*
X78321Y265494D01*
X78356Y265350D01*
X78388Y265205D01*
X78416Y265059D01*
X78440Y264913D01*
X78460Y264766D01*
X78476Y264618D01*
X78488Y264471D01*
X78496Y264322D01*
X78500Y264174D01*
X78500Y264026D01*
X78496Y263878D01*
X78488Y263729D01*
X78476Y263582D01*
X78460Y263434D01*
X78440Y263287D01*
X78416Y263141D01*
X78388Y262995D01*
X78356Y262850D01*
X78321Y262706D01*
X78281Y262563D01*
X78238Y262422D01*
X78190Y262281D01*
X78140Y262142D01*
X78085Y262004D01*
X78027Y261867D01*
X77964Y261733D01*
X77899Y261600D01*
X77830Y261469D01*
X77757Y261339D01*
X77681Y261212D01*
X77601Y261087D01*
X77518Y260964D01*
X77432Y260843D01*
X77343Y260725D01*
X77250Y260609D01*
X77154Y260496D01*
X77056Y260385D01*
X76954Y260277D01*
X76850Y260172D01*
X76742Y260069D01*
X76632Y259970D01*
X76520Y259874D01*
X76404Y259780D01*
X76287Y259690D01*
X76166Y259603D01*
X76044Y259519D01*
X75919Y259439D01*
X75793Y259362D01*
X75664Y259288D01*
X75533Y259218D01*
X75401Y259152D01*
X75266Y259089D01*
X75130Y259029D01*
X74993Y258974D01*
X74854Y258922D01*
X74714Y258874D01*
X74572Y258829D01*
X74429Y258789D01*
X74286Y258752D01*
X74141Y258720D01*
X73996Y258691D01*
X73849Y258666D01*
X73703Y258645D01*
X73555Y258628D01*
X73407Y258615D01*
X73259Y258606D01*
X73111Y258601D01*
X72963Y258600D01*
X72815Y258603D01*
X72666Y258610D01*
X72519Y258621D01*
X72371Y258636D01*
X72224Y258655D01*
X72077Y258678D01*
X71932Y258705D01*
X71786Y258736D01*
X71642Y258770D01*
X71499Y258809D01*
X71357Y258851D01*
X71216Y258897D01*
X71076Y258947D01*
X70938Y259001D01*
X70801Y259059D01*
X70666Y259120D01*
X70533Y259184D01*
X70401Y259253D01*
X70271Y259325D01*
X70144Y259400D01*
X70018Y259479D01*
X69894Y259561D01*
X69773Y259646D01*
X69654Y259735D01*
X69538Y259826D01*
X69424Y259921D01*
X69312Y260019D01*
X69204Y260120D01*
X69098Y260224D01*
X68995Y260331D01*
X68895Y260440D01*
X68797Y260552D01*
X68703Y260667D01*
X68612Y260784D01*
X68524Y260903D01*
X68440Y261025D01*
X68359Y261149D01*
X68281Y261275D01*
X68206Y261404D01*
X68135Y261534D01*
X68068Y261666D01*
X68004Y261800D01*
X67944Y261935D01*
X67887Y262073D01*
X67835Y262211D01*
X67785Y262351D01*
X67740Y262492D01*
X67699Y262635D01*
X67661Y262778D01*
X67627Y262923D01*
X67598Y263068D01*
X67572Y263214D01*
X67550Y263361D01*
X67532Y263508D01*
X67518Y263656D01*
X67508Y263804D01*
X67502Y263952D01*
X67500Y264100D01*
X67500Y289500D02*
X67502Y289648D01*
X67508Y289796D01*
X67518Y289944D01*
X67532Y290092D01*
X67550Y290239D01*
X67572Y290386D01*
X67598Y290532D01*
X67627Y290677D01*
X67661Y290822D01*
X67699Y290965D01*
X67740Y291108D01*
X67785Y291249D01*
X67835Y291389D01*
X67887Y291527D01*
X67944Y291665D01*
X68004Y291800D01*
X68068Y291934D01*
X68135Y292066D01*
X68206Y292196D01*
X68281Y292325D01*
X68359Y292451D01*
X68440Y292575D01*
X68524Y292697D01*
X68612Y292816D01*
X68703Y292933D01*
X68797Y293048D01*
X68895Y293160D01*
X68995Y293269D01*
X69098Y293376D01*
X69204Y293480D01*
X69312Y293581D01*
X69424Y293679D01*
X69538Y293774D01*
X69654Y293865D01*
X69773Y293954D01*
X69894Y294039D01*
X70018Y294121D01*
X70144Y294200D01*
X70271Y294275D01*
X70401Y294347D01*
X70533Y294416D01*
X70666Y294480D01*
X70801Y294541D01*
X70938Y294599D01*
X71076Y294653D01*
X71216Y294703D01*
X71357Y294749D01*
X71499Y294791D01*
X71642Y294830D01*
X71786Y294864D01*
X71932Y294895D01*
X72077Y294922D01*
X72224Y294945D01*
X72371Y294964D01*
X72519Y294979D01*
X72666Y294990D01*
X72815Y294997D01*
X72963Y295000D01*
X73111Y294999D01*
X73259Y294994D01*
X73407Y294985D01*
X73555Y294972D01*
X73703Y294955D01*
X73849Y294934D01*
X73996Y294909D01*
X74141Y294880D01*
X74286Y294848D01*
X74429Y294811D01*
X74572Y294771D01*
X74714Y294726D01*
X74854Y294678D01*
X74993Y294626D01*
X75130Y294571D01*
X75266Y294511D01*
X75401Y294448D01*
X75533Y294382D01*
X75664Y294312D01*
X75793Y294238D01*
X75919Y294161D01*
X76044Y294081D01*
X76166Y293997D01*
X76287Y293910D01*
X76404Y293820D01*
X76520Y293726D01*
X76632Y293630D01*
X76742Y293531D01*
X76850Y293428D01*
X76954Y293323D01*
X77056Y293215D01*
X77154Y293104D01*
X77250Y292991D01*
X77343Y292875D01*
X77432Y292757D01*
X77518Y292636D01*
X77601Y292513D01*
X77681Y292388D01*
X77757Y292261D01*
X77830Y292131D01*
X77899Y292000D01*
X77964Y291867D01*
X78027Y291733D01*
X78085Y291596D01*
X78140Y291458D01*
X78190Y291319D01*
X78238Y291178D01*
X78281Y291037D01*
X78321Y290894D01*
X78356Y290750D01*
X78388Y290605D01*
X78416Y290459D01*
X78440Y290313D01*
X78460Y290166D01*
X78476Y290018D01*
X78488Y289871D01*
X78496Y289722D01*
X78500Y289574D01*
X78500Y289426D01*
X78496Y289278D01*
X78488Y289129D01*
X78476Y288982D01*
X78460Y288834D01*
X78440Y288687D01*
X78416Y288541D01*
X78388Y288395D01*
X78356Y288250D01*
X78321Y288106D01*
X78281Y287963D01*
X78238Y287822D01*
X78190Y287681D01*
X78140Y287542D01*
X78085Y287404D01*
X78027Y287267D01*
X77964Y287133D01*
X77899Y287000D01*
X77830Y286869D01*
X77757Y286739D01*
X77681Y286612D01*
X77601Y286487D01*
X77518Y286364D01*
X77432Y286243D01*
X77343Y286125D01*
X77250Y286009D01*
X77154Y285896D01*
X77056Y285785D01*
X76954Y285677D01*
X76850Y285572D01*
X76742Y285469D01*
X76632Y285370D01*
X76520Y285274D01*
X76404Y285180D01*
X76287Y285090D01*
X76166Y285003D01*
X76044Y284919D01*
X75919Y284839D01*
X75793Y284762D01*
X75664Y284688D01*
X75533Y284618D01*
X75401Y284552D01*
X75266Y284489D01*
X75130Y284429D01*
X74993Y284374D01*
X74854Y284322D01*
X74714Y284274D01*
X74572Y284229D01*
X74429Y284189D01*
X74286Y284152D01*
X74141Y284120D01*
X73996Y284091D01*
X73849Y284066D01*
X73703Y284045D01*
X73555Y284028D01*
X73407Y284015D01*
X73259Y284006D01*
X73111Y284001D01*
X72963Y284000D01*
X72815Y284003D01*
X72666Y284010D01*
X72519Y284021D01*
X72371Y284036D01*
X72224Y284055D01*
X72077Y284078D01*
X71932Y284105D01*
X71786Y284136D01*
X71642Y284170D01*
X71499Y284209D01*
X71357Y284251D01*
X71216Y284297D01*
X71076Y284347D01*
X70938Y284401D01*
X70801Y284459D01*
X70666Y284520D01*
X70533Y284584D01*
X70401Y284653D01*
X70271Y284725D01*
X70144Y284800D01*
X70018Y284879D01*
X69894Y284961D01*
X69773Y285046D01*
X69654Y285135D01*
X69538Y285226D01*
X69424Y285321D01*
X69312Y285419D01*
X69204Y285520D01*
X69098Y285624D01*
X68995Y285731D01*
X68895Y285840D01*
X68797Y285952D01*
X68703Y286067D01*
X68612Y286184D01*
X68524Y286303D01*
X68440Y286425D01*
X68359Y286549D01*
X68281Y286675D01*
X68206Y286804D01*
X68135Y286934D01*
X68068Y287066D01*
X68004Y287200D01*
X67944Y287335D01*
X67887Y287473D01*
X67835Y287611D01*
X67785Y287751D01*
X67740Y287892D01*
X67699Y288035D01*
X67661Y288178D01*
X67627Y288323D01*
X67598Y288468D01*
X67572Y288614D01*
X67550Y288761D01*
X67532Y288908D01*
X67518Y289056D01*
X67508Y289204D01*
X67502Y289352D01*
X67500Y289500D01*
X67500Y314900D02*
X67502Y315048D01*
X67508Y315196D01*
X67518Y315344D01*
X67532Y315492D01*
X67550Y315639D01*
X67572Y315786D01*
X67598Y315932D01*
X67627Y316077D01*
X67661Y316222D01*
X67699Y316365D01*
X67740Y316508D01*
X67785Y316649D01*
X67835Y316789D01*
X67887Y316927D01*
X67944Y317065D01*
X68004Y317200D01*
X68068Y317334D01*
X68135Y317466D01*
X68206Y317596D01*
X68281Y317725D01*
X68359Y317851D01*
X68440Y317975D01*
X68524Y318097D01*
X68612Y318216D01*
X68703Y318333D01*
X68797Y318448D01*
X68895Y318560D01*
X68995Y318669D01*
X69098Y318776D01*
X69204Y318880D01*
X69312Y318981D01*
X69424Y319079D01*
X69538Y319174D01*
X69654Y319265D01*
X69773Y319354D01*
X69894Y319439D01*
X70018Y319521D01*
X70144Y319600D01*
X70271Y319675D01*
X70401Y319747D01*
X70533Y319816D01*
X70666Y319880D01*
X70801Y319941D01*
X70938Y319999D01*
X71076Y320053D01*
X71216Y320103D01*
X71357Y320149D01*
X71499Y320191D01*
X71642Y320230D01*
X71786Y320264D01*
X71932Y320295D01*
X72077Y320322D01*
X72224Y320345D01*
X72371Y320364D01*
X72519Y320379D01*
X72666Y320390D01*
X72815Y320397D01*
X72963Y320400D01*
X73111Y320399D01*
X73259Y320394D01*
X73407Y320385D01*
X73555Y320372D01*
X73703Y320355D01*
X73849Y320334D01*
X73996Y320309D01*
X74141Y320280D01*
X74286Y320248D01*
X74429Y320211D01*
X74572Y320171D01*
X74714Y320126D01*
X74854Y320078D01*
X74993Y320026D01*
X75130Y319971D01*
X75266Y319911D01*
X75401Y319848D01*
X75533Y319782D01*
X75664Y319712D01*
X75793Y319638D01*
X75919Y319561D01*
X76044Y319481D01*
X76166Y319397D01*
X76287Y319310D01*
X76404Y319220D01*
X76520Y319126D01*
X76632Y319030D01*
X76742Y318931D01*
X76850Y318828D01*
X76954Y318723D01*
X77056Y318615D01*
X77154Y318504D01*
X77250Y318391D01*
X77343Y318275D01*
X77432Y318157D01*
X77518Y318036D01*
X77601Y317913D01*
X77681Y317788D01*
X77757Y317661D01*
X77830Y317531D01*
X77899Y317400D01*
X77964Y317267D01*
X78027Y317133D01*
X78085Y316996D01*
X78140Y316858D01*
X78190Y316719D01*
X78238Y316578D01*
X78281Y316437D01*
X78321Y316294D01*
X78356Y316150D01*
X78388Y316005D01*
X78416Y315859D01*
X78440Y315713D01*
X78460Y315566D01*
X78476Y315418D01*
X78488Y315271D01*
X78496Y315122D01*
X78500Y314974D01*
X78500Y314826D01*
X78496Y314678D01*
X78488Y314529D01*
X78476Y314382D01*
X78460Y314234D01*
X78440Y314087D01*
X78416Y313941D01*
X78388Y313795D01*
X78356Y313650D01*
X78321Y313506D01*
X78281Y313363D01*
X78238Y313222D01*
X78190Y313081D01*
X78140Y312942D01*
X78085Y312804D01*
X78027Y312667D01*
X77964Y312533D01*
X77899Y312400D01*
X77830Y312269D01*
X77757Y312139D01*
X77681Y312012D01*
X77601Y311887D01*
X77518Y311764D01*
X77432Y311643D01*
X77343Y311525D01*
X77250Y311409D01*
X77154Y311296D01*
X77056Y311185D01*
X76954Y311077D01*
X76850Y310972D01*
X76742Y310869D01*
X76632Y310770D01*
X76520Y310674D01*
X76404Y310580D01*
X76287Y310490D01*
X76166Y310403D01*
X76044Y310319D01*
X75919Y310239D01*
X75793Y310162D01*
X75664Y310088D01*
X75533Y310018D01*
X75401Y309952D01*
X75266Y309889D01*
X75130Y309829D01*
X74993Y309774D01*
X74854Y309722D01*
X74714Y309674D01*
X74572Y309629D01*
X74429Y309589D01*
X74286Y309552D01*
X74141Y309520D01*
X73996Y309491D01*
X73849Y309466D01*
X73703Y309445D01*
X73555Y309428D01*
X73407Y309415D01*
X73259Y309406D01*
X73111Y309401D01*
X72963Y309400D01*
X72815Y309403D01*
X72666Y309410D01*
X72519Y309421D01*
X72371Y309436D01*
X72224Y309455D01*
X72077Y309478D01*
X71932Y309505D01*
X71786Y309536D01*
X71642Y309570D01*
X71499Y309609D01*
X71357Y309651D01*
X71216Y309697D01*
X71076Y309747D01*
X70938Y309801D01*
X70801Y309859D01*
X70666Y309920D01*
X70533Y309984D01*
X70401Y310053D01*
X70271Y310125D01*
X70144Y310200D01*
X70018Y310279D01*
X69894Y310361D01*
X69773Y310446D01*
X69654Y310535D01*
X69538Y310626D01*
X69424Y310721D01*
X69312Y310819D01*
X69204Y310920D01*
X69098Y311024D01*
X68995Y311131D01*
X68895Y311240D01*
X68797Y311352D01*
X68703Y311467D01*
X68612Y311584D01*
X68524Y311703D01*
X68440Y311825D01*
X68359Y311949D01*
X68281Y312075D01*
X68206Y312204D01*
X68135Y312334D01*
X68068Y312466D01*
X68004Y312600D01*
X67944Y312735D01*
X67887Y312873D01*
X67835Y313011D01*
X67785Y313151D01*
X67740Y313292D01*
X67699Y313435D01*
X67661Y313578D01*
X67627Y313723D01*
X67598Y313868D01*
X67572Y314014D01*
X67550Y314161D01*
X67532Y314308D01*
X67518Y314456D01*
X67508Y314604D01*
X67502Y314752D01*
X67500Y314900D01*
M02*
